Build started 11/01/2015 19:25:59.
     1>Project "D:\UNI\Fundimentals of game and graphical systems\Pacman\Pacman\Pacman.vcxproj" on node 2 (Build target(s)).
     1>ClCompile:
         C:\Program Files (x86)\Microsoft Visual Studio 12.0\VC\bin\CL.exe /c /ZI /nologo /W3 /WX- /sdl /Od /Oy- /D WIN32 /D _DEBUG /D _CONSOLE /D _UNICODE /D UNICODE /Gm /EHsc /RTC1 /MDd /GS /fp:precise /Zc:wchar_t /Zc:forScope /Fo"Debug\\" /Fd"Debug\vc120.pdb" /Gd /TP /analyze- /errorReport:prompt FuelCell.cpp Pacman.cpp main.cpp
         Pacman.cpp
     1>d:\uni\fundimentals of game and graphical systems\pacman\pacman\pacman.cpp(7): warning C4244: 'argument' : conversion from 'time_t' to 'unsigned int', possible loss of data
     1>d:\uni\fundimentals of game and graphical systems\pacman\pacman\pacman.cpp(88): warning C4154: deletion of an array expression; conversion to pointer supplied
     1>d:\uni\fundimentals of game and graphical systems\pacman\pacman\pacman.cpp(90): warning C4018: '<' : signed/unsigned mismatch
     1>d:\uni\fundimentals of game and graphical systems\pacman\pacman\pacman.cpp(105): warning C4154: deletion of an array expression; conversion to pointer supplied
     1>d:\uni\fundimentals of game and graphical systems\pacman\pacman\pacman.cpp(113): warning C4154: deletion of an array expression; conversion to pointer supplied
     1>d:\uni\fundimentals of game and graphical systems\pacman\pacman\pacman.cpp(122): warning C4154: deletion of an array expression; conversion to pointer supplied
     1>d:\uni\fundimentals of game and graphical systems\pacman\pacman\pacman.cpp(146): warning C4018: '<' : signed/unsigned mismatch
     1>d:\uni\fundimentals of game and graphical systems\pacman\pacman\pacman.cpp(190): warning C4244: 'argument' : conversion from 'int' to 'float', possible loss of data
     1>d:\uni\fundimentals of game and graphical systems\pacman\pacman\pacman.cpp(194): warning C4018: '<' : signed/unsigned mismatch
     1>d:\uni\fundimentals of game and graphical systems\pacman\pacman\pacman.cpp(196): warning C4244: 'argument' : conversion from 'int' to 'float', possible loss of data
     1>d:\uni\fundimentals of game and graphical systems\pacman\pacman\pacman.cpp(203): warning C4244: 'argument' : conversion from 'int' to 'float', possible loss of data
     1>d:\uni\fundimentals of game and graphical systems\pacman\pacman\pacman.cpp(214): warning C4244: 'argument' : conversion from 'int' to 'float', possible loss of data
     1>d:\uni\fundimentals of game and graphical systems\pacman\pacman\pacman.cpp(227): warning C4244: 'argument' : conversion from 'int' to 'float', possible loss of data
     1>d:\uni\fundimentals of game and graphical systems\pacman\pacman\pacman.cpp(400): warning C4244: '=' : conversion from 'int' to 'float', possible loss of data
     1>d:\uni\fundimentals of game and graphical systems\pacman\pacman\pacman.cpp(406): warning C4244: '=' : conversion from 'int' to 'float', possible loss of data
     1>d:\uni\fundimentals of game and graphical systems\pacman\pacman\pacman.cpp(412): warning C4244: '=' : conversion from 'int' to 'float', possible loss of data
     1>d:\uni\fundimentals of game and graphical systems\pacman\pacman\pacman.cpp(418): warning C4244: '=' : conversion from 'int' to 'float', possible loss of data
     1>d:\uni\fundimentals of game and graphical systems\pacman\pacman\pacman.cpp(442): warning C4244: '=' : conversion from 'int' to 'float', possible loss of data
     1>d:\uni\fundimentals of game and graphical systems\pacman\pacman\pacman.cpp(443): warning C4244: '=' : conversion from 'int' to 'float', possible loss of data
     1>d:\uni\fundimentals of game and graphical systems\pacman\pacman\pacman.cpp(480): warning C4244: '=' : conversion from 'int' to 'float', possible loss of data
     1>d:\uni\fundimentals of game and graphical systems\pacman\pacman\pacman.cpp(505): warning C4244: '=' : conversion from 'int' to 'float', possible loss of data
     1>d:\uni\fundimentals of game and graphical systems\pacman\pacman\pacman.cpp(551): warning C4244: '=' : conversion from 'int' to 'float', possible loss of data
     1>d:\uni\fundimentals of game and graphical systems\pacman\pacman\pacman.cpp(567): warning C4244: '=' : conversion from 'int' to 'float', possible loss of data
     1>d:\uni\fundimentals of game and graphical systems\pacman\pacman\pacman.cpp(584): warning C4244: '=' : conversion from 'int' to 'float', possible loss of data
     1>d:\uni\fundimentals of game and graphical systems\pacman\pacman\pacman.cpp(708): warning C4018: '<' : signed/unsigned mismatch
         FuelCell.cpp
     1>d:\uni\fundimentals of game and graphical systems\pacman\pacman\fuelcell.cpp(7): warning C4018: '<' : signed/unsigned mismatch
     1>d:\uni\fundimentals of game and graphical systems\pacman\pacman\fuelcell.cpp(38): warning C4244: 'argument' : conversion from 'int' to 'float', possible loss of data
     1>d:\uni\fundimentals of game and graphical systems\pacman\pacman\fuelcell.cpp(53): warning C4018: '<' : signed/unsigned mismatch
     1>d:\uni\fundimentals of game and graphical systems\pacman\pacman\fuelcell.cpp(67): warning C4018: '<' : signed/unsigned mismatch
     1>d:\uni\fundimentals of game and graphical systems\pacman\pacman\fuelcell.cpp(84): warning C4244: '=' : conversion from 'int' to 'float', possible loss of data
         Generating Code...
         Skipping... (no relevant changes detected)
         main.cpp
       Link:
         C:\Program Files (x86)\Microsoft Visual Studio 12.0\VC\bin\link.exe /ERRORREPORT:PROMPT /OUT:"D:\UNI\Fundimentals of game and graphical systems\Pacman\Debug\Pacman.exe" /INCREMENTAL /NOLOGO kernel32.lib user32.lib gdi32.lib winspool.lib comdlg32.lib advapi32.lib shell32.lib ole32.lib oleaut32.lib uuid.lib odbc32.lib odbccp32.lib /MANIFEST /MANIFESTUAC:"level='asInvoker' uiAccess='false'" /manifest:embed /DEBUG /PDB:"D:\UNI\Fundimentals of game and graphical systems\Pacman\Debug\Pacman.pdb" /SUBSYSTEM:CONSOLE /TLBID:1 /DYNAMICBASE /NXCOMPAT /IMPLIB:"D:\UNI\Fundimentals of game and graphical systems\Pacman\Debug\Pacman.lib" /MACHINE:X86 Debug\FuelCell.obj
         Debug\main.obj
         Debug\Pacman.obj
         Pacman.vcxproj -> D:\UNI\Fundimentals of game and graphical systems\Pacman\Debug\Pacman.exe
     1>Done Building Project "D:\UNI\Fundimentals of game and graphical systems\Pacman\Pacman\Pacman.vcxproj" (Build target(s)).

Build succeeded.

Time Elapsed 00:00:03.04
